Wed Apr 16 12:45:02 CDT 2025 - GET index.html
Wed Apr 16 12:45:19 CDT 2025 - GET ./logs/error.log
Wed Apr 16 12:46:13 CDT 2025 - GET ./logs/error.log
Wed Apr 16 12:47:01 CDT 2025 - GET ./log/error.log
Wed Apr 16 12:47:17 CDT 2025 - GET ./logs/error.log
Wed Apr 16 12:48:18 CDT 2025 - PUT ./files-to-upload/secret.html index.html
Wed Apr 16 12:49:30 CDT 2025 - PUT ./files-to-upload/index.html ./index.html
Wed Apr 16 12:51:16 CDT 2025 - PUT doc.txt ./
Wed Apr 16 12:59:52 CDT 2025 - put index.html ./index.html
Wed Apr 16 13:00:04 CDT 2025 - PUT index.html ./index.html
Wed Apr 16 13:03:40 CDT 2025 - GET / HTTP/1.1
Wed Apr 16 13:03:40 CDT 2025 - GET /favicon.ico HTTP/1.1
Wed Apr 16 13:16:18 CDT 2025 - GET index.html
Wed Apr 16 13:16:45 CDT 2025 - PUT ./
Wed Apr 16 13:19:27 CDT 2025 - GET ./.gitignore
Wed Apr 16 13:20:07 CDT 2025 - PUT ./index.html
Wed Apr 16 13:21:10 CDT 2025 - PUT ./
Wed Apr 16 13:23:09 CDT 2025 - PUT helloworld.txt ./
Wed Apr 16 13:25:19 CDT 2025 - PUT ./
Wed Apr 16 13:26:11 CDT 2025 - GET ./.gitignore
Wed Apr 16 13:35:23 CDT 2025 - GET ./logs/error.log
Wed Apr 16 13:36:04 CDT 2025 - PUT ./index.html
Wed Apr 16 13:37:38 CDT 2025 - PUT ./index.html
Wed Apr 16 13:40:02 CDT 2025 - PUT ./index.html
Wed Apr 16 13:42:30 CDT 2025 - PUT ./index.html
Wed Apr 16 13:46:23 CDT 2025 - GET / HTTP/1.1
Wed Apr 16 13:46:31 CDT 2025 - GET / HTTP/1.1
Wed Apr 16 13:46:34 CDT 2025 - GET / HTTP/1.1
Wed Apr 16 13:46:57 CDT 2025 - GET / HTTP/1.1
Wed Apr 16 13:46:57 CDT 2025 - GET / HTTP/1.1
Wed Apr 16 13:47:05 CDT 2025 - GET / HTTP/1.1
Wed Apr 16 13:47:06 CDT 2025 - GET / HTTP/1.1
Wed Apr 16 13:49:45 CDT 2025 - GET / HTTP/1.1
Wed Apr 16 13:49:51 CDT 2025 - GET / HTTP/1.1
Wed Apr 16 13:50:58 CDT 2025 - null
Wed Apr 16 13:55:39 CDT 2025 - PUT ./index.html
Wed Apr 16 13:55:51 CDT 2025 - GET / HTTP/1.1
Wed Apr 16 13:58:07 CDT 2025 - null
